[0.915s] Invoking command in '/workspace/ros2_ws/src/motor': PYTHONPATH=/workspace/ros2_ws/build/motor/prefix_override:/usr/lib/python3/dist-packages/colcon_core/task/python/colcon_distutils_commands:/workspace/ros2_ws/install/motor/lib/python3.12/site-packages:${PYTHONPATH} /usr/bin/python3 -W ignore:setup.py install is deprecated -W ignore:easy_install command is deprecated setup.py egg_info --egg-base ../../build/motor build --build-base /workspace/ros2_ws/build/motor/build install --record /workspace/ros2_ws/build/motor/install.log --single-version-externally-managed install_data
[1.167s] running egg_info
[1.185s] writing ../../build/motor/motor.egg-info/PKG-INFO
[1.186s] writing dependency_links to ../../build/motor/motor.egg-info/dependency_links.txt
[1.186s] writing entry points to ../../build/motor/motor.egg-info/entry_points.txt
[1.186s] writing requirements to ../../build/motor/motor.egg-info/requires.txt
[1.186s] writing top-level names to ../../build/motor/motor.egg-info/top_level.txt
[1.223s] reading manifest file '../../build/motor/motor.egg-info/SOURCES.txt'
[1.225s] writing manifest file '../../build/motor/motor.egg-info/SOURCES.txt'
[1.225s] running build
[1.225s] running build_py
[1.225s] running install
[1.231s] running install_lib
[1.252s] running install_data
[1.253s] running install_egg_info
[1.274s] removing '/workspace/ros2_ws/install/motor/lib/python3.12/site-packages/motor-0.0.0-py3.12.egg-info' (and everything under it)
[1.274s] Copying ../../build/motor/motor.egg-info to /workspace/ros2_ws/install/motor/lib/python3.12/site-packages/motor-0.0.0-py3.12.egg-info
[1.276s] running install_scripts
[1.405s] Installing keyboard script to /workspace/ros2_ws/install/motor/lib/motor
[1.406s] Installing motor_gui script to /workspace/ros2_ws/install/motor/lib/motor
[1.406s] writing list of installed files to '/workspace/ros2_ws/build/motor/install.log'
[1.433s] Invoked command in '/workspace/ros2_ws/src/motor' returned '0': PYTHONPATH=/workspace/ros2_ws/build/motor/prefix_override:/usr/lib/python3/dist-packages/colcon_core/task/python/colcon_distutils_commands:/workspace/ros2_ws/install/motor/lib/python3.12/site-packages:${PYTHONPATH} /usr/bin/python3 -W ignore:setup.py install is deprecated -W ignore:easy_install command is deprecated setup.py egg_info --egg-base ../../build/motor build --build-base /workspace/ros2_ws/build/motor/build install --record /workspace/ros2_ws/build/motor/install.log --single-version-externally-managed install_data
