running egg_info
writing ../../build/motor/motor.egg-info/PKG-INFO
writing dependency_links to ../../build/motor/motor.egg-info/dependency_links.txt
writing entry points to ../../build/motor/motor.egg-info/entry_points.txt
writing requirements to ../../build/motor/motor.egg-info/requires.txt
writing top-level names to ../../build/motor/motor.egg-info/top_level.txt
reading manifest file '../../build/motor/motor.egg-info/SOURCES.txt'
writing manifest file '../../build/motor/motor.egg-info/SOURCES.txt'
running build
running build_py
running install
running install_lib
running install_data
running install_egg_info
removing '/workspace/ros2_ws/install/motor/lib/python3.12/site-packages/motor-0.0.0-py3.12.egg-info' (and everything under it)
Copying ../../build/motor/motor.egg-info to /workspace/ros2_ws/install/motor/lib/python3.12/site-packages/motor-0.0.0-py3.12.egg-info
running install_scripts
Installing keyboard script to /workspace/ros2_ws/install/motor/lib/motor
Installing motor_gui script to /workspace/ros2_ws/install/motor/lib/motor
writing list of installed files to '/workspace/ros2_ws/build/motor/install.log'
