running develop
running egg_info
creating motor.egg-info
writing motor.egg-info/PKG-INFO
writing dependency_links to motor.egg-info/dependency_links.txt
writing entry points to motor.egg-info/entry_points.txt
writing requirements to motor.egg-info/requires.txt
writing top-level names to motor.egg-info/top_level.txt
writing manifest file 'motor.egg-info/SOURCES.txt'
reading manifest file 'motor.egg-info/SOURCES.txt'
writing manifest file 'motor.egg-info/SOURCES.txt'
running build_ext
Creating /workspace/ros2_ws/install/motor/lib/python3.12/site-packages/motor.egg-link (link to .)
Installing keyboard script to /workspace/ros2_ws/install/motor/lib/motor
Installing motor_gui script to /workspace/ros2_ws/install/motor/lib/motor

Installed /workspace/ros2_ws/build/motor
running symlink_data
creating /workspace/ros2_ws/install/motor/share/ament_index
creating /workspace/ros2_ws/install/motor/share/ament_index/resource_index
creating /workspace/ros2_ws/install/motor/share/ament_index/resource_index/packages
symbolically linking /workspace/ros2_ws/build/motor/resource/motor -> /workspace/ros2_ws/install/motor/share/ament_index/resource_index/packages
symbolically linking /workspace/ros2_ws/build/motor/package.xml -> /workspace/ros2_ws/install/motor/share/motor
