[0.830s] Invoking command in '/workspace/ros2_ws/src/motor': PYTHONPATH=/workspace/build/motor/prefix_override:/usr/lib/python3/dist-packages/colcon_core/task/python/colcon_distutils_commands:/workspace/install/motor/lib/python3.12/site-packages:${PYTHONPATH} /usr/bin/python3 -W ignore:setup.py install is deprecated -W ignore:easy_install command is deprecated setup.py egg_info --egg-base ../../../build/motor build --build-base /workspace/build/motor/build install --record /workspace/build/motor/install.log --single-version-externally-managed install_data
[1.071s] running egg_info
[1.071s] creating ../../../build/motor/motor.egg-info
[1.089s] writing ../../../build/motor/motor.egg-info/PKG-INFO
[1.089s] writing dependency_links to ../../../build/motor/motor.egg-info/dependency_links.txt
[1.089s] writing entry points to ../../../build/motor/motor.egg-info/entry_points.txt
[1.089s] writing requirements to ../../../build/motor/motor.egg-info/requires.txt
[1.090s] writing top-level names to ../../../build/motor/motor.egg-info/top_level.txt
[1.090s] writing manifest file '../../../build/motor/motor.egg-info/SOURCES.txt'
[1.124s] reading manifest file '../../../build/motor/motor.egg-info/SOURCES.txt'
[1.125s] writing manifest file '../../../build/motor/motor.egg-info/SOURCES.txt'
[1.125s] running build
[1.125s] running build_py
[1.125s] creating /workspace/build/motor/build
[1.126s] creating /workspace/build/motor/build/lib
[1.126s] creating /workspace/build/motor/build/lib/motor
[1.126s] copying motor/motor_gui.py -> /workspace/build/motor/build/lib/motor
[1.126s] copying motor/__init__.py -> /workspace/build/motor/build/lib/motor
[1.127s] copying motor/keyboard.py -> /workspace/build/motor/build/lib/motor
[1.127s] running install
[1.133s] running install_lib
[1.150s] creating /workspace/install/motor/lib/python3.12/site-packages/motor
[1.150s] copying /workspace/build/motor/build/lib/motor/motor_gui.py -> /workspace/install/motor/lib/python3.12/site-packages/motor
[1.151s] copying /workspace/build/motor/build/lib/motor/__init__.py -> /workspace/install/motor/lib/python3.12/site-packages/motor
[1.151s] copying /workspace/build/motor/build/lib/motor/keyboard.py -> /workspace/install/motor/lib/python3.12/site-packages/motor
[1.151s] byte-compiling /workspace/install/motor/lib/python3.12/site-packages/motor/motor_gui.py to motor_gui.cpython-312.pyc
[1.153s] byte-compiling /workspace/install/motor/lib/python3.12/site-packages/motor/__init__.py to __init__.cpython-312.pyc
[1.153s] byte-compiling /workspace/install/motor/lib/python3.12/site-packages/motor/keyboard.py to keyboard.cpython-312.pyc
[1.154s] running install_data
[1.154s] creating /workspace/install/motor/share/ament_index
[1.154s] creating /workspace/install/motor/share/ament_index/resource_index
[1.154s] creating /workspace/install/motor/share/ament_index/resource_index/packages
[1.154s] copying resource/motor -> /workspace/install/motor/share/ament_index/resource_index/packages
[1.155s] copying package.xml -> /workspace/install/motor/share/motor
[1.155s] running install_egg_info
[1.173s] Copying ../../../build/motor/motor.egg-info to /workspace/install/motor/lib/python3.12/site-packages/motor-0.0.0-py3.12.egg-info
[1.174s] running install_scripts
[1.288s] Installing keyboard script to /workspace/install/motor/lib/motor
[1.288s] Installing motor_gui script to /workspace/install/motor/lib/motor
[1.288s] writing list of installed files to '/workspace/build/motor/install.log'
[1.310s] Invoked command in '/workspace/ros2_ws/src/motor' returned '0': PYTHONPATH=/workspace/build/motor/prefix_override:/usr/lib/python3/dist-packages/colcon_core/task/python/colcon_distutils_commands:/workspace/install/motor/lib/python3.12/site-packages:${PYTHONPATH} /usr/bin/python3 -W ignore:setup.py install is deprecated -W ignore:easy_install command is deprecated setup.py egg_info --egg-base ../../../build/motor build --build-base /workspace/build/motor/build install --record /workspace/build/motor/install.log --single-version-externally-managed install_data
